Traceback (most recent call last):
  File "D:\anaconda3\envs\mgp\Lib\site-packages\jupyter_core\utils\__init__.py", line 154, in wrapped
    asyncio.get_running_loop()
    ~~~~~~~~~~~~~~~~~~~~~~~~^^
RuntimeError: no running event loop

During handling of the above exception, another exception occurred:

Traceback (most recent call last):
  File "D:\anaconda3\envs\mgp\Lib\site-packages\jupyter_cache\executors\utils.py", line 58, in single_nb_execution
    executenb(
    ~~~~~~~~~^
        nb,
        ^^^
    ...<4 lines>...
        **kwargs,
        ^^^^^^^^^
    )
    ^
  File "D:\anaconda3\envs\mgp\Lib\site-packages\nbclient\client.py", line 1319, in execute
    return NotebookClient(nb=nb, resources=resources, km=km, **kwargs).execute()
           ~~~~~~~~~~~~~~~~~~~~~~~~~~~~~~~~~~~~~~~~~~~~~~~~~~~~~~~~~~~~~~~~~~~^^
  File "D:\anaconda3\envs\mgp\Lib\site-packages\jupyter_core\utils\__init__.py", line 158, in wrapped
    return loop.run_until_complete(inner)
           ~~~~~~~~~~~~~~~~~~~~~~~^^^^^^^
  File "D:\anaconda3\envs\mgp\Lib\asyncio\base_events.py", line 725, in run_until_complete
    return future.result()
           ~~~~~~~~~~~~~^^
  File "D:\anaconda3\envs\mgp\Lib\site-packages\nbclient\client.py", line 709, in async_execute
    await self.async_execute_cell(
        cell, index, execution_count=self.code_cells_executed + 1
    )
  File "D:\anaconda3\envs\mgp\Lib\site-packages\nbclient\client.py", line 1062, in async_execute_cell
    await self._check_raise_for_error(cell, cell_index, exec_reply)
  File "D:\anaconda3\envs\mgp\Lib\site-packages\nbclient\client.py", line 918, in _check_raise_for_error
    raise CellExecutionError.from_cell_and_msg(cell, exec_reply_content)
nbclient.exceptions.CellExecutionError: An error occurred while executing the following cell:
------------------
Como tabla, siguiendo el ejemplo de los dados:

$$
F(X) = p(X \leq x).
$$

| x      | 1   | 2   | 3   | 4   | 5   | 6   |
| ------ | --- | --- | --- | --- | --- | --- |
| p(X=x) | 0.3 | 0   | 0   | 0   | 0.3 | 0.4 |
| F(x)   | 0.3 | 0.3 | 0.3 | 0.3 | 0.6 | 1   |
------------------


  [36mCell[39m[36m [39m[32mIn[5][39m[32m, line 1[39m
[31m    [39m[31mComo tabla, siguiendo el ejemplo de los dados:[39m
         ^
[31mSyntaxError[39m[31m:[39m invalid syntax


